Log file open, 12/10/19 20:31:59
LogWindows: Failed to load 'aqProf.dll' (GetLastError=126)
LogWindows: File 'aqProf.dll' does not exist
LogWindows: Failed to load 'VtuneApi.dll' (GetLastError=126)
LogWindows: File 'VtuneApi.dll' does not exist
LogWindows: Failed to load 'VtuneApi32e.dll' (GetLastError=126)
LogWindows: File 'VtuneApi32e.dll' does not exist
LogConsoleResponse: Display: Failed to find resolution value strings in scalability ini. Falling back to default.
LogInit: Display: Running engine for game: CppCourse
LogPakFile: Registered encryption key '00000000000000000000000000000000': 0 pak files mounted, 0 remain pending
LogPlatformFile: Not using cached read wrapper
LogTaskGraph: Started task graph with 5 named threads and 23 total threads with 3 sets of task threads.
LogStats: Stats thread started at 0.557084
LogD3D11RHI: Loaded GFSDK_Aftermath_Lib.x64.dll
LogICUInternationalization: ICU TimeZone Detection - Raw Offset: +1:00, Platform Override: ''
LogPluginManager: Mounting plugin Paper2D
LogPluginManager: Mounting plugin AISupport
LogPluginManager: Mounting plugin LightPropagationVolume
LogPluginManager: Mounting plugin ActorLayerUtilities
LogPluginManager: Mounting plugin AnimationSharing
LogPluginManager: Mounting plugin CLionSourceCodeAccess
LogPluginManager: Mounting plugin CodeLiteSourceCodeAccess
LogPluginManager: Mounting plugin GitSourceControl
LogPluginManager: Mounting plugin KDevelopSourceCodeAccess
LogPluginManager: Mounting plugin NullSourceCodeAccess
LogPluginManager: Mounting plugin PerforceSourceControl
LogPluginManager: Mounting plugin SubversionSourceControl
LogPluginManager: Mounting plugin UObjectPlugin
LogPluginManager: Mounting plugin VisualStudioCodeSourceCodeAccess
LogPluginManager: Mounting plugin VisualStudioSourceCodeAccess
LogPluginManager: Mounting plugin XCodeSourceCodeAccess
LogPluginManager: Mounting plugin AssetManagerEditor
LogPluginManager: Mounting plugin CryptoKeys
LogPluginManager: Mounting plugin DataValidation
LogPluginManager: Mounting plugin FacialAnimation
LogPluginManager: Mounting plugin GameplayTagsEditor
LogPluginManager: Mounting plugin MacGraphicsSwitching
LogPluginManager: Mounting plugin MaterialAnalyzer
LogPluginManager: Mounting plugin MobileLauncherProfileWizard
LogPluginManager: Mounting plugin PluginBrowser
LogPluginManager: Mounting plugin SpeedTreeImporter
LogPluginManager: Mounting plugin DatasmithContent
LogPluginManager: Mounting plugin VariantManagerContent
LogPluginManager: Mounting plugin AlembicImporter
LogPluginManager: Mounting plugin AppleImageUtils
LogPluginManager: Mounting plugin AppleVision
LogPluginManager: Mounting plugin BackChannel
LogPluginManager: Mounting plugin CharacterAI
LogPluginManager: Mounting plugin GeometryCache
LogPluginManager: Mounting plugin HTML5Networking
LogPluginManager: Mounting plugin ProxyLODPlugin
LogPluginManager: Mounting plugin SkeletalReduction
LogPluginManager: Mounting plugin MagicLeap
LogPluginManager: Mounting plugin MagicLeapMedia
LogPluginManager: Mounting plugin AndroidMedia
LogPluginManager: Mounting plugin AvfMedia
LogPluginManager: Mounting plugin ImgMedia
LogPluginManager: Mounting plugin LinearTimecode
LogPluginManager: Mounting plugin MediaCompositing
LogPluginManager: Mounting plugin MediaPlayerEditor
LogPluginManager: Mounting plugin WebMMedia
LogPluginManager: Mounting plugin WmfMedia
LogPluginManager: Mounting plugin TcpMessaging
LogPluginManager: Mounting plugin UdpMessaging
LogPluginManager: Mounting plugin ActorSequence
LogPluginManager: Mounting plugin LevelSequenceEditor
LogPluginManager: Mounting plugin MatineeToLevelSequence
LogPluginManager: Mounting plugin NetcodeUnitTest
LogPluginManager: Mounting plugin NUTUnrealEngine4
LogPluginManager: Mounting plugin OnlineSubsystemGooglePlay
LogPluginManager: Mounting plugin OnlineSubsystemIOS
LogPluginManager: Mounting plugin OnlineSubsystem
LogPluginManager: Mounting plugin OnlineSubsystemNull
LogPluginManager: Mounting plugin OnlineSubsystemUtils
LogPluginManager: Mounting plugin LauncherChunkInstaller
LogPluginManager: Mounting plugin AndroidDeviceProfileSelector
LogPluginManager: Mounting plugin AndroidMoviePlayer
LogPluginManager: Mounting plugin AndroidPermission
LogPluginManager: Mounting plugin AppleMoviePlayer
LogPluginManager: Mounting plugin ArchVisCharacter
LogPluginManager: Mounting plugin AudioCapture
LogPluginManager: Mounting plugin CableComponent
LogPluginManager: Mounting plugin CustomMeshComponent
LogPluginManager: Mounting plugin EditableMesh
LogPluginManager: Mounting plugin ExampleDeviceProfileSelector
LogPluginManager: Mounting plugin Firebase
LogPluginManager: Mounting plugin GoogleCloudMessaging
LogPluginManager: Mounting plugin IOSDeviceProfileSelector
LogPluginManager: Mounting plugin LinuxDeviceProfileSelector
LogPluginManager: Mounting plugin LocationServicesBPLibrary
LogPluginManager: Mounting plugin MobilePatchingUtils
LogPluginManager: Mounting plugin OculusVR
LogPluginManager: Mounting plugin PhysXVehicles
LogPluginManager: Mounting plugin ProceduralMeshComponent
LogPluginManager: Mounting plugin RuntimePhysXCooking
LogPluginManager: Mounting plugin SignificanceManager
LogPluginManager: Mounting plugin SteamVR
LogPluginManager: Mounting plugin WebMMoviePlayer
LogPluginManager: Mounting plugin WindowsMoviePlayer
LogInit: Using libcurl 7.55.1-DEV
LogInit:  - built for x86_64-pc-win32
LogInit:  - supports SSL with OpenSSL/1.1.1
LogInit:  - supports HTTP deflate (compression) using libz 1.2.8
LogInit:  - other features:
LogInit:      CURL_VERSION_SSL
LogInit:      CURL_VERSION_LIBZ
LogInit:      CURL_VERSION_IPV6
LogInit:      CURL_VERSION_ASYNCHDNS
LogInit:      CURL_VERSION_LARGEFILE
LogInit:      CURL_VERSION_IDN
LogInit:  CurlRequestOptions (configurable via config and command line):
LogInit:  - bVerifyPeer = true  - Libcurl will verify peer certificate
LogInit:  - bUseHttpProxy = false  - Libcurl will NOT use HTTP proxy
LogInit:  - bDontReuseConnections = false  - Libcurl will reuse connections
LogInit:  - MaxHostConnections = 16  - Libcurl will limit the number of connections to a host
LogInit:  - LocalHostAddr = Default
LogInit:  - BufferSize = 65536
LogInit: WinSock: version 1.1 (2.2), MaxSocks=32767, MaxUdp=65467
LogInit: Build: ++UE4+Release-4.22-CL-7053642
LogInit: Engine Version: 4.22.3-7053642+++UE4+Release-4.22
LogInit: Compatible Engine Version: 4.22.0-5660361+++UE4+Release-4.22
LogInit: Net CL: 5660361
LogInit: OS: Windows 10 (Release 1909) (), CPU: Intel(R) Core(TM) i7-1065G7 CPU @ 1.30GHz, GPU: Intel(R) Iris(R) Plus Graphics
LogInit: Compiled (64-bit): Jun 18 2019 03:09:11
LogInit: Compiled with Visual C++: 19.16.27025.01
LogInit: Build Configuration: Development
LogInit: Branch Name: ++UE4+Release-4.22
LogInit: Command Line:  -skipcompile
LogInit: Base Directory: C:/Program Files/Epic Games/UE_4.22/Engine/Binaries/Win64/
LogInit: Installed Engine Build: 1
LogDevObjectVersion: Number of dev versions registered: 23
LogDevObjectVersion:   Dev-Blueprints (B0D832E4-1F89-4F0D-ACCF-7EB736FD4AA2): 10
LogDevObjectVersion:   Dev-Build (E1C64328-A22C-4D53-A36C-8E866417BD8C): 0
LogDevObjectVersion:   Dev-Core (375EC13C-06E4-48FB-B500-84F0262A717E): 3
LogDevObjectVersion:   Dev-Editor (E4B068ED-F494-42E9-A231-DA0B2E46BB41): 30
LogDevObjectVersion:   Dev-Framework (CFFC743F-43B0-4480-9391-14DF171D2073): 35
LogDevObjectVersion:   Dev-Mobile (B02B49B5-BB20-44E9-A304-32B752E40360): 2
LogDevObjectVersion:   Dev-Networking (A4E4105C-59A1-49B5-A7C5-40C4547EDFEE): 0
LogDevObjectVersion:   Dev-Online (39C831C9-5AE6-47DC-9A44-9C173E1C8E7C): 0
LogDevObjectVersion:   Dev-Physics (78F01B33-EBEA-4F98-B9B4-84EACCB95AA2): 0
LogDevObjectVersion:   Dev-Platform (6631380F-2D4D-43E0-8009-CF276956A95A): 0
LogDevObjectVersion:   Dev-Rendering (12F88B9F-8875-4AFC-A67C-D90C383ABD29): 28
LogDevObjectVersion:   Dev-Sequencer (7B5AE74C-D270-4C10-A958-57980B212A5A): 11
LogDevObjectVersion:   Dev-VR (D7296918-1DD6-4BDD-9DE2-64A83CC13884): 2
LogDevObjectVersion:   Dev-LoadTimes (C2A15278-BFE7-4AFE-6C17-90FF531DF755): 1
LogDevObjectVersion:   Private-Geometry (6EACA3D4-40EC-4CC1-B786-8BED09428FC5): 3
LogDevObjectVersion:   Dev-AnimPhys (29E575DD-E0A3-4627-9D10-D276232CDCEA): 17
LogDevObjectVersion:   Dev-Anim (AF43A65D-7FD3-4947-9873-3E8ED9C1BB05): 2
LogDevObjectVersion:   Dev-ReflectionCapture (6B266CEC-1EC7-4B8F-A30B-E4D90942FC07): 1
LogDevObjectVersion:   Dev-Automation (0DF73D61-A23F-47EA-B727-89E90C41499A): 1
LogDevObjectVersion:   FortniteMain (601D1886-AC64-4F84-AA16-D3DE0DEAC7D6): 25
LogDevObjectVersion:   Dev-Enterprise (9DFFBCD6-494F-0158-E221-12823C92A888): 6
LogDevObjectVersion:   Dev-Niagara (F2AED0AC-9AFE-416F-8664-AA7FFA26D6FC): 1
LogDevObjectVersion:   Dev-Destruction (174F1F0B-B4C6-45A5-B13F-2EE8D0FB917D): 2
LogInit: Presizing for max 16777216 objects, including 0 objects not considered by GC, pre-allocating 0 bytes for permanent pool.
LogInit: Object subsystem initialized
LogConfig: Setting CVar [[con.DebugEarlyDefault:1]]
LogConfig: Setting CVar [[r.setres:1280x720]]
[2019.12.10-19.31.59:827][  0]LogConfig: Setting CVar [[r.VSync:0]]
[2019.12.10-19.31.59:827][  0]LogConfig: Setting CVar [[r.RHICmdBypass:0]]
[2019.12.10-19.31.59:828][  0]LogConfig: Applying CVar settings from Section [/Script/Engine.RendererSettings] File [C:/Users/danie/OneDrive/Documentos/Unreal Projects/CppCourse/Saved/Config/Windows/Engine.ini]
[2019.12.10-19.31.59:828][  0]LogConfig: Setting CVar [[r.GPUCrashDebugging:0]]
[2019.12.10-19.31.59:828][  0]LogConfig: Setting CVar [[r.DefaultFeature.AutoExposure.ExtendDefaultLuminanceRange:1]]
[2019.12.10-19.31.59:828][  0]LogConfig: Applying CVar settings from Section [/Script/Engine.RendererOverrideSettings] File [C:/Users/danie/OneDrive/Documentos/Unreal Projects/CppCourse/Saved/Config/Windows/Engine.ini]
[2019.12.10-19.31.59:828][  0]LogConfig: Applying CVar settings from Section [/Script/Engine.StreamingSettings] File [C:/Users/danie/OneDrive/Documentos/Unreal Projects/CppCourse/Saved/Config/Windows/Engine.ini]
[2019.12.10-19.31.59:828][  0]LogConfig: Setting CVar [[s.MinBulkDataSizeForAsyncLoading:131072]]
[2019.12.10-19.31.59:828][  0]LogConfig: Setting CVar [[s.AsyncLoadingThreadEnabled:0]]
[2019.12.10-19.31.59:828][  0]LogConfig: Setting CVar [[s.EventDrivenLoaderEnabled:1]]
[2019.12.10-19.31.59:828][  0]LogConfig: Setting CVar [[s.WarnIfTimeLimitExceeded:0]]
[2019.12.10-19.31.59:828][  0]LogConfig: Setting CVar [[s.TimeLimitExceededMultiplier:1.5]]
[2019.12.10-19.31.59:828][  0]LogConfig: Setting CVar [[s.TimeLimitExceededMinTime:0.005]]
[2019.12.10-19.31.59:829][  0]LogConfig: Setting CVar [[s.UseBackgroundLevelStreaming:1]]
[2019.12.10-19.31.59:829][  0]LogConfig: Setting CVar [[s.PriorityAsyncLoadingExtraTime:15.0]]
[2019.12.10-19.31.59:829][  0]LogConfig: Setting CVar [[s.LevelStreamingActorsUpdateTimeLimit:5.0]]
[2019.12.10-19.31.59:829][  0]LogConfig: Setting CVar [[s.PriorityLevelStreamingActorsUpdateExtraTime:5.0]]
[2019.12.10-19.31.59:829][  0]LogConfig: Setting CVar [[s.LevelStreamingComponentsRegistrationGranularity:10]]
[2019.12.10-19.31.59:829][  0]LogConfig: Setting CVar [[s.UnregisterComponentsTimeLimit:1.0]]
[2019.12.10-19.31.59:829][  0]LogConfig: Setting CVar [[s.LevelStreamingComponentsUnregistrationGranularity:5]]
[2019.12.10-19.31.59:829][  0]LogConfig: Applying CVar settings from Section [/Script/Engine.GarbageCollectionSettings] File [C:/Users/danie/OneDrive/Documentos/Unreal Projects/CppCourse/Saved/Config/Windows/Engine.ini]
[2019.12.10-19.31.59:829][  0]LogConfig: Setting CVar [[gc.MaxObjectsNotConsideredByGC:1]]
[2019.12.10-19.31.59:829][  0]LogConfig: Setting CVar [[gc.SizeOfPermanentObjectPool:0]]
[2019.12.10-19.31.59:829][  0]LogConfig: Setting CVar [[gc.FlushStreamingOnGC:0]]
[2019.12.10-19.31.59:829][  0]LogConfig: Setting CVar [[gc.NumRetriesBeforeForcingGC:10]]
[2019.12.10-19.31.59:830][  0]LogConfig: Setting CVar [[gc.AllowParallelGC:1]]
[2019.12.10-19.31.59:830][  0]LogConfig: Setting CVar [[gc.TimeBetweenPurgingPendingKillObjects:61.1]]
[2019.12.10-19.31.59:830][  0]LogConfig: Setting CVar [[gc.MaxObjectsInEditor:16777216]]
[2019.12.10-19.31.59:830][  0]LogConfig: Setting CVar [[gc.IncrementalBeginDestroyEnabled:1]]
[2019.12.10-19.31.59:830][  0]LogConfig: Setting CVar [[gc.CreateGCClusters:1]]
[2019.12.10-19.31.59:830][  0]LogConfig: Setting CVar [[gc.MinGCClusterSize:5]]
[2019.12.10-19.31.59:830][  0]LogConfig: Setting CVar [[gc.ActorClusteringEnabled:0]]
[2019.12.10-19.31.59:830][  0]LogConfig: Setting CVar [[gc.BlueprintClusteringEnabled:0]]
[2019.12.10-19.31.59:830][  0]LogConfig: Setting CVar [[gc.UseDisregardForGCOnDedicatedServers:0]]
[2019.12.10-19.31.59:830][  0]LogConfig: Applying CVar settings from Section [/Script/Engine.NetworkSettings] File [C:/Users/danie/OneDrive/Documentos/Unreal Projects/CppCourse/Saved/Config/Windows/Engine.ini]
[2019.12.10-19.31.59:830][  0]LogConfig: Applying CVar settings from Section [/Script/UnrealEd.CookerSettings] File [C:/Users/danie/OneDrive/Documentos/Unreal Projects/CppCourse/Saved/Config/Windows/Engine.ini]
[2019.12.10-19.31.59:845][  0]LogConfig: Applying CVar settings from Section [ViewDistanceQuality@3] File [C:/Users/danie/OneDrive/Documentos/Unreal Projects/CppCourse/Saved/Config/Windows/Scalability.ini]
[2019.12.10-19.31.59:845][  0]LogConfig: Setting CVar [[r.SkeletalMeshLODBias:0]]
[2019.12.10-19.31.59:845][  0]LogConfig: Setting CVar [[r.ViewDistanceScale:1.0]]
[2019.12.10-19.31.59:845][  0]LogConfig: Applying CVar settings from Section [AntiAliasingQuality@3] File [C:/Users/danie/OneDrive/Documentos/Unreal Projects/CppCourse/Saved/Config/Windows/Scalability.ini]
[2019.12.10-19.31.59:846][  0]LogConfig: Setting CVar [[r.PostProcessAAQuality:4]]
[2019.12.10-19.31.59:846][  0]LogConfig: Applying CVar settings from Section [ShadowQuality@3] File [C:/Users/danie/OneDrive/Documentos/Unreal Projects/CppCourse/Saved/Config/Windows/Scalability.ini]
[2019.12.10-19.31.59:846][  0]LogConfig: Setting CVar [[r.LightFunctionQuality:1]]
[2019.12.10-19.31.59:846][  0]LogConfig: Setting CVar [[r.ShadowQuality:5]]
[2019.12.10-19.31.59:846][  0]LogConfig: Setting CVar [[r.Shadow.CSM.MaxCascades:10]]
[2019.12.10-19.31.59:846][  0]LogConfig: Setting CVar [[r.Shadow.MaxResolution:2048]]
[2019.12.10-19.31.59:846][  0]LogConfig: Setting CVar [[r.Shadow.MaxCSMResolution:2048]]
[2019.12.10-19.31.59:846][  0]LogConfig: Setting CVar [[r.Shadow.RadiusThreshold:0.01]]
[2019.12.10-19.31.59:847][  0]LogConfig: Setting CVar [[r.Shadow.DistanceScale:1.0]]
[2019.12.10-19.31.59:847][  0]LogConfig: Setting CVar [[r.Shadow.CSM.TransitionScale:1.0]]
[2019.12.10-19.31.59:847][  0]LogConfig: Setting CVar [[r.Shadow.PreShadowResolutionFactor:1.0]]
[2019.12.10-19.31.59:847][  0]LogConfig: Setting CVar [[r.DistanceFieldShadowing:1]]
[2019.12.10-19.31.59:847][  0]LogConfig: Setting CVar [[r.DistanceFieldAO:1]]
[2019.12.10-19.31.59:847][  0]LogConfig: Setting CVar [[r.AOQuality:2]]
[2019.12.10-19.31.59:847][  0]LogConfig: Setting CVar [[r.VolumetricFog:1]]
[2019.12.10-19.31.59:847][  0]LogConfig: Setting CVar [[r.VolumetricFog.GridPixelSize:8]]
[2019.12.10-19.31.59:847][  0]LogConfig: Setting CVar [[r.VolumetricFog.GridSizeZ:128]]
[2019.12.10-19.31.59:847][  0]LogConfig: Setting CVar [[r.VolumetricFog.HistoryMissSupersampleCount:4]]
[2019.12.10-19.31.59:847][  0]LogConfig: Setting CVar [[r.LightMaxDrawDistanceScale:1]]
[2019.12.10-19.31.59:848][  0]LogConfig: Setting CVar [[r.CapsuleShadows:1]]
[2019.12.10-19.31.59:848][  0]LogConfig: Applying CVar settings from Section [PostProcessQuality@3] File [C:/Users/danie/OneDrive/Documentos/Unreal Projects/CppCourse/Saved/Config/Windows/Scalability.ini]
[2019.12.10-19.31.59:848][  0]LogConfig: Setting CVar [[r.MotionBlurQuality:4]]
[2019.12.10-19.31.59:848][  0]LogConfig: Setting CVar [[r.AmbientOcclusionMipLevelFactor:0.4]]
[2019.12.10-19.31.59:848][  0]LogConfig: Setting CVar [[r.AmbientOcclusionMaxQuality:100]]
[2019.12.10-19.31.59:848][  0]LogConfig: Setting CVar [[r.AmbientOcclusionLevels:-1]]
[2019.12.10-19.31.59:848][  0]LogConfig: Setting CVar [[r.AmbientOcclusionRadiusScale:1.0]]
[2019.12.10-19.31.59:848][  0]LogConfig: Setting CVar [[r.DepthOfFieldQuality:2]]
[2019.12.10-19.31.59:848][  0]LogConfig: Setting CVar [[r.RenderTargetPoolMin:400]]
[2019.12.10-19.31.59:848][  0]LogConfig: Setting CVar [[r.LensFlareQuality:2]]
[2019.12.10-19.31.59:848][  0]LogConfig: Setting CVar [[r.SceneColorFringeQuality:1]]
[2019.12.10-19.31.59:848][  0]LogConfig: Setting CVar [[r.EyeAdaptationQuality:2]]
[2019.12.10-19.31.59:849][  0]LogConfig: Setting CVar [[r.BloomQuality:5]]
[2019.12.10-19.31.59:849][  0]LogConfig: Setting CVar [[r.FastBlurThreshold:100]]
[2019.12.10-19.31.59:849][  0]LogConfig: Setting CVar [[r.Upscale.Quality:3]]
[2019.12.10-19.31.59:849][  0]LogConfig: Setting CVar [[r.Tonemapper.GrainQuantization:1]]
[2019.12.10-19.31.59:849][  0]LogConfig: Setting CVar [[r.LightShaftQuality:1]]
[2019.12.10-19.31.59:849][  0]LogConfig: Setting CVar [[r.Filter.SizeScale:1]]
[2019.12.10-19.31.59:849][  0]LogConfig: Setting CVar [[r.Tonemapper.Quality:5]]
[2019.12.10-19.31.59:849][  0]LogConfig: Setting CVar [[r.DOF.Gather.AccumulatorQuality:1        ; higher gathering accumulator quality]]
[2019.12.10-19.31.59:849][  0]LogConfig: Setting CVar [[r.DOF.Gather.PostfilterMethod:1          ; Median3x3 postfilering method]]
[2019.12.10-19.31.59:849][  0]LogConfig: Setting CVar [[r.DOF.Gather.EnableBokehSettings:0       ; no bokeh simulation when gathering]]
[2019.12.10-19.31.59:849][  0]LogConfig: Setting CVar [[r.DOF.Gather.RingCount:4                 ; medium number of samples when gathering]]
[2019.12.10-19.31.59:850][  0]LogConfig: Setting CVar [[r.DOF.Scatter.ForegroundCompositing:1    ; additive foreground scattering]]
[2019.12.10-19.31.59:850][  0]LogConfig: Setting CVar [[r.DOF.Scatter.BackgroundCompositing:2    ; additive background scattering]]
[2019.12.10-19.31.59:850][  0]LogConfig: Setting CVar [[r.DOF.Scatter.EnableBokehSettings:1      ; bokeh simulation when scattering]]
[2019.12.10-19.31.59:850][  0]LogConfig: Setting CVar [[r.DOF.Scatter.MaxSpriteRatio:0.1         ; only a maximum of 10% of scattered bokeh]]
[2019.12.10-19.31.59:850][  0]LogConfig: Setting CVar [[r.DOF.Recombine.Quality:1                ; cheap slight out of focus]]
[2019.12.10-19.31.59:850][  0]LogConfig: Setting CVar [[r.DOF.Recombine.EnableBokehSettings:0    ; no bokeh simulation on slight out of focus]]
[2019.12.10-19.31.59:850][  0]LogConfig: Setting CVar [[r.DOF.TemporalAAQuality:1                ; more stable temporal accumulation]]
[2019.12.10-19.31.59:850][  0]LogConfig: Setting CVar [[r.DOF.Kernel.MaxForegroundRadius:0.025]]
[2019.12.10-19.31.59:850][  0]LogConfig: Setting CVar [[r.DOF.Kernel.MaxBackgroundRadius:0.025]]
[2019.12.10-19.31.59:850][  0]LogConfig: Applying CVar settings from Section [TextureQuality@3] File [C:/Users/danie/OneDrive/Documentos/Unreal Projects/CppCourse/Saved/Config/Windows/Scalability.ini]
[2019.12.10-19.31.59:850][  0]LogConfig: Setting CVar [[r.Streaming.MipBias:0]]
[2019.12.10-19.31.59:850][  0]LogConfig: Setting CVar [[r.Streaming.AmortizeCPUToGPUCopy:0]]
[2019.12.10-19.31.59:850][  0]LogConfig: Setting CVar [[r.Streaming.MaxNumTexturesToStreamPerFrame:0]]
[2019.12.10-19.31.59:851][  0]LogConfig: Setting CVar [[r.Streaming.Boost:1]]
[2019.12.10-19.31.59:851][  0]LogConfig: Setting CVar [[r.MaxAnisotropy:8]]
[2019.12.10-19.31.59:851][  0]LogConfig: Setting CVar [[r.Streaming.LimitPoolSizeToVRAM:0]]
[2019.12.10-19.31.59:851][  0]LogConfig: Setting CVar [[r.Streaming.PoolSize:1000]]
[2019.12.10-19.31.59:851][  0]LogConfig: Setting CVar [[r.Streaming.MaxEffectiveScreenSize:0]]
[2019.12.10-19.31.59:851][  0]LogConfig: Applying CVar settings from Section [EffectsQuality@3] File [C:/Users/danie/OneDrive/Documentos/Unreal Projects/CppCourse/Saved/Config/Windows/Scalability.ini]
[2019.12.10-19.31.59:851][  0]LogConfig: Setting CVar [[r.TranslucencyLightingVolumeDim:64]]
[2019.12.10-19.31.59:851][  0]LogConfig: Setting CVar [[r.RefractionQuality:2]]
[2019.12.10-19.31.59:851][  0]LogConfig: Setting CVar [[r.SSR.Quality:3]]
[2019.12.10-19.31.59:851][  0]LogConfig: Setting CVar [[r.SceneColorFormat:4]]
[2019.12.10-19.31.59:851][  0]LogConfig: Setting CVar [[r.DetailMode:2]]
[2019.12.10-19.31.59:852][  0]LogConfig: Setting CVar [[r.TranslucencyVolumeBlur:1]]
[2019.12.10-19.31.59:852][  0]LogConfig: Setting CVar [[r.MaterialQualityLevel:1 ; High quality]]
[2019.12.10-19.31.59:852][  0]LogConfig: Setting CVar [[r.SSS.Scale:1]]
[2019.12.10-19.31.59:852][  0]LogConfig: Setting CVar [[r.SSS.SampleSet:2]]
[2019.12.10-19.31.59:852][  0]LogConfig: Setting CVar [[r.SSS.Quality:1]]
[2019.12.10-19.31.59:852][  0]LogConfig: Setting CVar [[r.SSS.HalfRes:1]]
[2019.12.10-19.31.59:852][  0]LogConfig: Setting CVar [[r.EmitterSpawnRateScale:1.0]]
[2019.12.10-19.31.59:852][  0]LogConfig: Setting CVar [[r.ParticleLightQuality:2]]
[2019.12.10-19.31.59:852][  0]LogConfig: Applying CVar settings from Section [FoliageQuality@3] File [C:/Users/danie/OneDrive/Documentos/Unreal Projects/CppCourse/Saved/Config/Windows/Scalability.ini]
[2019.12.10-19.31.59:852][  0]LogConfig: Setting CVar [[foliage.DensityScale:1.0]]
[2019.12.10-19.31.59:853][  0]LogConfig: Setting CVar [[grass.DensityScale:1.0]]
[2019.12.10-19.31.59:853][  0]LogInit: Selected Device Profile: [Windows]
[2019.12.10-19.31.59:853][  0]LogInit: Applying CVar settings loaded from the selected device profile: [Windows]
[2019.12.10-19.31.59:881][  0]LogHAL: Display: Platform has ~ 32 GB [34118209536 / 34359738368 / 32], which maps to Largest [LargestMinGB=32, LargerMinGB=12, DefaultMinGB=8, SmallerMinGB=6, SmallestMinGB=0)
[2019.12.10-19.31.59:882][  0]LogConfig: Setting CVar [[r.Vulkan.UseRealUBs:0		; Required until we fix HLR fall-out]]
[2019.12.10-19.31.59:882][  0]LogInit: Going up to parent DeviceProfile []
[2019.12.10-19.31.59:882][  0]LogConfig: Applying CVar settings from Section [ViewDistanceQuality@3] File [C:/Users/danie/OneDrive/Documentos/Unreal Projects/CppCourse/Saved/Config/Windows/Scalability.ini]
[2019.12.10-19.31.59:882][  0]LogConfig: Setting CVar [[r.SkeletalMeshLODBias:0]]
[2019.12.10-19.31.59:882][  0]LogConfig: Setting CVar [[r.ViewDistanceScale:1.0]]
[2019.12.10-19.31.59:882][  0]LogConfig: Applying CVar settings from Section [AntiAliasingQuality@3] File [C:/Users/danie/OneDrive/Documentos/Unreal Projects/CppCourse/Saved/Config/Windows/Scalability.ini]
[2019.12.10-19.31.59:882][  0]LogConfig: Setting CVar [[r.PostProcessAAQuality:4]]
[2019.12.10-19.31.59:882][  0]LogConfig: Applying CVar settings from Section [ShadowQuality@3] File [C:/Users/danie/OneDrive/Documentos/Unreal Projects/CppCourse/Saved/Config/Windows/Scalability.ini]
[2019.12.10-19.31.59:883][  0]LogConfig: Setting CVar [[r.LightFunctionQuality:1]]
[2019.12.10-19.31.59:883][  0]LogConfig: Setting CVar [[r.ShadowQuality:5]]
[2019.12.10-19.31.59:883][  0]LogConfig: Setting CVar [[r.Shadow.CSM.MaxCascades:10]]
[2019.12.10-19.31.59:883][  0]LogConfig: Setting CVar [[r.Shadow.MaxResolution:2048]]
[2019.12.10-19.31.59:883][  0]LogConfig: Setting CVar [[r.Shadow.MaxCSMResolution:2048]]
[2019.12.10-19.31.59:883][  0]LogConfig: Setting CVar [[r.Shadow.RadiusThreshold:0.01]]
[2019.12.10-19.31.59:883][  0]LogConfig: Setting CVar [[r.Shadow.DistanceScale:1.0]]
[2019.12.10-19.31.59:883][  0]LogConfig: Setting CVar [[r.Shadow.CSM.TransitionScale:1.0]]
[2019.12.10-19.31.59:883][  0]LogConfig: Setting CVar [[r.Shadow.PreShadowResolutionFactor:1.0]]
[2019.12.10-19.31.59:884][  0]LogConfig: Setting CVar [[r.DistanceFieldShadowing:1]]
[2019.12.10-19.31.59:884][  0]LogConfig: Setting CVar [[r.DistanceFieldAO:1]]
[2019.12.10-19.31.59:884][  0]LogConfig: Setting CVar [[r.AOQuality:2]]
[2019.12.10-19.31.59:884][  0]LogConfig: Setting CVar [[r.VolumetricFog:1]]
[2019.12.10-19.31.59:884][  0]LogConfig: Setting CVar [[r.VolumetricFog.GridPixelSize:8]]
[2019.12.10-19.31.59:884][  0]LogConfig: Setting CVar [[r.VolumetricFog.GridSizeZ:128]]
[2019.12.10-19.31.59:884][  0]LogConfig: Setting CVar [[r.VolumetricFog.HistoryMissSupersampleCount:4]]
[2019.12.10-19.31.59:884][  0]LogConfig: Setting CVar [[r.LightMaxDrawDistanceScale:1]]
[2019.12.10-19.31.59:884][  0]LogConfig: Setting CVar [[r.CapsuleShadows:1]]
[2019.12.10-19.31.59:884][  0]LogConfig: Applying CVar settings from Section [PostProcessQuality@3] File [C:/Users/danie/OneDrive/Documentos/Unreal Projects/CppCourse/Saved/Config/Windows/Scalability.ini]
[2019.12.10-19.31.59:884][  0]LogConfig: Setting CVar [[r.MotionBlurQuality:4]]
[2019.12.10-19.31.59:885][  0]LogConfig: Setting CVar [[r.AmbientOcclusionMipLevelFactor:0.4]]
[2019.12.10-19.31.59:885][  0]LogConfig: Setting CVar [[r.AmbientOcclusionMaxQuality:100]]
[2019.12.10-19.31.59:885][  0]LogConfig: Setting CVar [[r.AmbientOcclusionLevels:-1]]
[2019.12.10-19.31.59:885][  0]LogConfig: Setting CVar [[r.AmbientOcclusionRadiusScale:1.0]]
[2019.12.10-19.31.59:885][  0]LogConfig: Setting CVar [[r.DepthOfFieldQuality:2]]
[2019.12.10-19.31.59:885][  0]LogConfig: Setting CVar [[r.RenderTargetPoolMin:400]]
[2019.12.10-19.31.59:885][  0]LogConfig: Setting CVar [[r.LensFlareQuality:2]]
[2019.12.10-19.31.59:885][  0]LogConfig: Setting CVar [[r.SceneColorFringeQuality:1]]
[2019.12.10-19.31.59:885][  0]LogConfig: Setting CVar [[r.EyeAdaptationQuality:2]]
[2019.12.10-19.31.59:885][  0]LogConfig: Setting CVar [[r.BloomQuality:5]]
[2019.12.10-19.31.59:885][  0]LogConfig: Setting CVar [[r.FastBlurThreshold:100]]
[2019.12.10-19.31.59:885][  0]LogConfig: Setting CVar [[r.Upscale.Quality:3]]
[2019.12.10-19.31.59:886][  0]LogConfig: Setting CVar [[r.Tonemapper.GrainQuantization:1]]
[2019.12.10-19.31.59:886][  0]LogConfig: Setting CVar [[r.LightShaftQuality:1]]
[2019.12.10-19.31.59:886][  0]LogConfig: Setting CVar [[r.Filter.SizeScale:1]]
[2019.12.10-19.31.59:886][  0]LogConfig: Setting CVar [[r.Tonemapper.Quality:5]]
[2019.12.10-19.31.59:886][  0]LogConfig: Setting CVar [[r.DOF.Gather.AccumulatorQuality:1        ; higher gathering accumulator quality]]
[2019.12.10-19.31.59:886][  0]LogConfig: Setting CVar [[r.DOF.Gather.PostfilterMethod:1          ; Median3x3 postfilering method]]
[2019.12.10-19.31.59:886][  0]LogConfig: Setting CVar [[r.DOF.Gather.EnableBokehSettings:0       ; no bokeh simulation when gathering]]
[2019.12.10-19.31.59:886][  0]LogConfig: Setting CVar [[r.DOF.Gather.RingCount:4                 ; medium number of samples when gathering]]
[2019.12.10-19.31.59:886][  0]LogConfig: Setting CVar [[r.DOF.Scatter.ForegroundCompositing:1    ; additive foreground scattering]]
[2019.12.10-19.31.59:886][  0]LogConfig: Setting CVar [[r.DOF.Scatter.BackgroundCompositing:2    ; additive background scattering]]
[2019.12.10-19.31.59:887][  0]LogConfig: Setting CVar [[r.DOF.Scatter.EnableBokehSettings:1      ; bokeh simulation when scattering]]
[2019.12.10-19.31.59:887][  0]LogConfig: Setting CVar [[r.DOF.Scatter.MaxSpriteRatio:0.1         ; only a maximum of 10% of scattered bokeh]]
[2019.12.10-19.31.59:887][  0]LogConfig: Setting CVar [[r.DOF.Recombine.Quality:1                ; cheap slight out of focus]]
[2019.12.10-19.31.59:887][  0]LogConfig: Setting CVar [[r.DOF.Recombine.EnableBokehSettings:0    ; no bokeh simulation on slight out of focus]]
[2019.12.10-19.31.59:887][  0]LogConfig: Setting CVar [[r.DOF.TemporalAAQuality:1                ; more stable temporal accumulation]]
[2019.12.10-19.31.59:887][  0]LogConfig: Setting CVar [[r.DOF.Kernel.MaxForegroundRadius:0.025]]
[2019.12.10-19.31.59:887][  0]LogConfig: Setting CVar [[r.DOF.Kernel.MaxBackgroundRadius:0.025]]
[2019.12.10-19.31.59:887][  0]LogConfig: Applying CVar settings from Section [TextureQuality@3] File [C:/Users/danie/OneDrive/Documentos/Unreal Projects/CppCourse/Saved/Config/Windows/Scalability.ini]
[2019.12.10-19.31.59:887][  0]LogConfig: Setting CVar [[r.Streaming.MipBias:0]]
[2019.12.10-19.31.59:887][  0]LogConfig: Setting CVar [[r.Streaming.AmortizeCPUToGPUCopy:0]]
[2019.12.10-19.31.59:887][  0]LogConfig: Setting CVar [[r.Streaming.MaxNumTexturesToStreamPerFrame:0]]
[2019.12.10-19.31.59:887][  0]LogConfig: Setting CVar [[r.Streaming.Boost:1]]
[2019.12.10-19.31.59:887][  0]LogConfig: Setting CVar [[r.MaxAnisotropy:8]]
[2019.12.10-19.31.59:888][  0]LogConfig: Setting CVar [[r.Streaming.LimitPoolSizeToVRAM:0]]
[2019.12.10-19.31.59:888][  0]LogConfig: Setting CVar [[r.Streaming.PoolSize:1000]]
[2019.12.10-19.31.59:888][  0]LogConfig: Setting CVar [[r.Streaming.MaxEffectiveScreenSize:0]]
[2019.12.10-19.31.59:888][  0]LogConfig: Applying CVar settings from Section [EffectsQuality@3] File [C:/Users/danie/OneDrive/Documentos/Unreal Projects/CppCourse/Saved/Config/Windows/Scalability.ini]
[2019.12.10-19.31.59:888][  0]LogConfig: Setting CVar [[r.TranslucencyLightingVolumeDim:64]]
[2019.12.10-19.31.59:888][  0]LogConfig: Setting CVar [[r.RefractionQuality:2]]
[2019.12.10-19.31.59:888][  0]LogConfig: Setting CVar [[r.SSR.Quality:3]]
[2019.12.10-19.31.59:889][  0]LogConfig: Setting CVar [[r.SceneColorFormat:4]]
[2019.12.10-19.31.59:889][  0]LogConfig: Setting CVar [[r.DetailMode:2]]
[2019.12.10-19.31.59:889][  0]LogConfig: Setting CVar [[r.TranslucencyVolumeBlur:1]]
[2019.12.10-19.31.59:889][  0]LogConfig: Setting CVar [[r.MaterialQualityLevel:1 ; High quality]]
[2019.12.10-19.31.59:889][  0]LogConfig: Setting CVar [[r.SSS.Scale:1]]
[2019.12.10-19.31.59:889][  0]LogConfig: Setting CVar [[r.SSS.SampleSet:2]]
[2019.12.10-19.31.59:889][  0]LogConfig: Setting CVar [[r.SSS.Quality:1]]
[2019.12.10-19.31.59:889][  0]LogConfig: Setting CVar [[r.SSS.HalfRes:1]]
[2019.12.10-19.31.59:889][  0]LogConfig: Setting CVar [[r.EmitterSpawnRateScale:1.0]]
[2019.12.10-19.31.59:890][  0]LogConfig: Setting CVar [[r.ParticleLightQuality:2]]
[2019.12.10-19.31.59:890][  0]LogConfig: Applying CVar settings from Section [FoliageQuality@3] File [C:/Users/danie/OneDrive/Documentos/Unreal Projects/CppCourse/Saved/Config/Windows/Scalability.ini]
[2019.12.10-19.31.59:890][  0]LogConfig: Setting CVar [[foliage.DensityScale:1.0]]
[2019.12.10-19.31.59:890][  0]LogConfig: Setting CVar [[grass.DensityScale:1.0]]
[2019.12.10-19.31.59:890][  0]LogConfig: Applying CVar settings from Section [Startup] File [../../../Engine/Config/ConsoleVariables.ini]
[2019.12.10-19.31.59:890][  0]LogConfig: Setting CVar [[net.UseAdaptiveNetUpdateFrequency:0]]
[2019.12.10-19.31.59:891][  0]LogConfig: Setting CVar [[p.chaos.AllowCreatePhysxBodies:1]]
[2019.12.10-19.31.59:891][  0]LogConfig: Applying CVar settings from Section [ConsoleVariables] File [C:/Users/danie/OneDrive/Documentos/Unreal Projects/CppCourse/Saved/Config/Windows/Engine.ini]
[2019.12.10-19.31.59:891][  0]LogInit: Computer: XPS-XUZON
[2019.12.10-19.31.59:891][  0]LogInit: User: danie
[2019.12.10-19.31.59:891][  0]LogInit: CPU Page size=4096, Cores=4
[2019.12.10-19.31.59:891][  0]LogInit: High frequency timer resolution =10.000000 MHz
[2019.12.10-19.31.59:892][  0]LogMemory: Memory total: Physical=31.8GB (32GB approx)
[2019.12.10-19.31.59:892][  0]LogMemory: Platform Memory Stats for Windows
[2019.12.10-19.31.59:892][  0]LogMemory: Process Physical Memory: 96.52 MB used, 96.53 MB peak
[2019.12.10-19.31.59:892][  0]LogMemory: Process Virtual Memory: 90.59 MB used, 90.59 MB peak
[2019.12.10-19.31.59:892][  0]LogMemory: Physical Memory: 13562.39 MB used,  18975.27 MB free, 32537.66 MB total
[2019.12.10-19.31.59:892][  0]LogMemory: Virtual Memory: 4643.77 MB used,  134213088.00 MB free, 134217728.00 MB total
[2019.12.10-19.32.00:346][  0]LogInit: Overriding language with editor language configuration option (en).
[2019.12.10-19.32.00:346][  0]LogInit: Overriding locale with editor culture configuration option ().
[2019.12.10-19.32.00:346][  0]LogInit: Using OS detected locale (es-ES).
[2019.12.10-19.32.00:639][  0]LogInit: Setting process to per monitor DPI aware
[2019.12.10-19.32.00:799][  0]LogSlate: New Slate User Created.  User Index 0, Is Virtual User: 0
[2019.12.10-19.32.00:800][  0]LogSlate: Slate User Registered.  User Index 0, Is Virtual User: 0
[2019.12.10-19.32.01:064][  0]LogHMD: Failed to initialize OpenVR with code 110
[2019.12.10-19.32.01:064][  0]LogD3D11RHI: D3D11 adapters:
[2019.12.10-19.32.01:184][  0]LogD3D11RHI:    0. 'Intel(R) Iris(R) Plus Graphics' (Feature Level 11_0)
[2019.12.10-19.32.01:184][  0]LogD3D11RHI:       128/0/16268 MB DedicatedVideo/DedicatedSystem/SharedSystem, Outputs:1, VendorId:0x8086
[2019.12.10-19.32.01:196][  0]LogD3D11RHI:    1. 'Microsoft Basic Render Driver' (Feature Level 11_0)
[2019.12.10-19.32.01:196][  0]LogD3D11RHI:       0/0/16268 MB DedicatedVideo/DedicatedSystem/SharedSystem, Outputs:0, VendorId:0x1414
[2019.12.10-19.32.01:197][  0]LogD3D11RHI: Chosen D3D11 Adapter: 0
[2019.12.10-19.32.01:208][  0]LogD3D11RHI: Creating new Direct3DDevice
[2019.12.10-19.32.01:208][  0]LogD3D11RHI:     GPU DeviceId: 0x8a52 (for the marketing name, search the web for "GPU Device Id")
[2019.12.10-19.32.01:208][  0]LogWindows: EnumDisplayDevices:
[2019.12.10-19.32.01:208][  0]LogWindows:    0. 'Intel(R) Iris(R) Plus Graphics' (P:1 D:1)
[2019.12.10-19.32.01:209][  0]LogWindows:    1. 'Intel(R) Iris(R) Plus Graphics' (P:0 D:0)
[2019.12.10-19.32.01:210][  0]LogWindows:    2. 'Intel(R) Iris(R) Plus Graphics' (P:0 D:0)
[2019.12.10-19.32.01:210][  0]LogWindows:    3. 'Intel(R) Iris(R) Plus Graphics' (P:0 D:0)
[2019.12.10-19.32.01:211][  0]LogWindows:    4. 'Intel(R) Iris(R) Plus Graphics' (P:0 D:0)
[2019.12.10-19.32.01:212][  0]LogWindows:    5. 'Intel(R) Iris(R) Plus Graphics' (P:0 D:0)
[2019.12.10-19.32.01:212][  0]LogWindows:    6. 'Intel(R) Iris(R) Plus Graphics' (P:0 D:0)
[2019.12.10-19.32.01:213][  0]LogWindows:    7. 'Intel(R) Iris(R) Plus Graphics' (P:0 D:0)
[2019.12.10-19.32.01:213][  0]LogWindows: DebugString: FoundDriverCount:8 
[2019.12.10-19.32.01:213][  0]LogD3D11RHI:     Adapter Name: Intel(R) Iris(R) Plus Graphics
[2019.12.10-19.32.01:213][  0]LogD3D11RHI:   Driver Version: 26.20.100.7463 (internal:26.20.100.7463, unified:26.20.100.7463)
[2019.12.10-19.32.01:213][  0]LogD3D11RHI:      Driver Date: 11-6-2019
[2019.12.10-19.32.01:213][  0]LogRHI: Texture pool is 1523 MB (70% of 2176 MB)
[2019.12.10-19.32.01:310][  0]LogD3D11RHI: Async texture creation enabled
[2019.12.10-19.32.01:314][  0]LogRendererCore: FGlobalReadBuffer::InitRHI
[2019.12.10-19.32.01:314][  0]LogRendererCore: FGlobalReadBuffer::InitRHI
[2019.12.10-19.32.01:314][  0]LogRendererCore: FGlobalReadBuffer::InitRHI
[2019.12.10-19.32.01:317][  0]LogD3D11RHI: GPU Timing Frequency: 19.200000 (Debug: 2 0)
[2019.12.10-19.32.01:713][  0]LogTemp: Display: Module 'AllDesktopTargetPlatform' loaded TargetPlatform 'AllDesktop'
[2019.12.10-19.32.01:737][  0]LogTemp: Display: Module 'MacClientTargetPlatform' loaded TargetPlatform 'MacClient'
[2019.12.10-19.32.01:763][  0]LogTemp: Display: Module 'MacNoEditorTargetPlatform' loaded TargetPlatform 'MacNoEditor'
[2019.12.10-19.32.01:788][  0]LogTemp: Display: Module 'MacServerTargetPlatform' loaded TargetPlatform 'MacServer'
[2019.12.10-19.32.01:814][  0]LogTemp: Display: Module 'MacTargetPlatform' loaded TargetPlatform 'Mac'
[2019.12.10-19.32.01:842][  0]LogTemp: Display: Module 'WindowsClientTargetPlatform' loaded TargetPlatform 'WindowsClient'
[2019.12.10-19.32.01:866][  0]LogTemp: Display: Module 'WindowsNoEditorTargetPlatform' loaded TargetPlatform 'WindowsNoEditor'
[2019.12.10-19.32.01:890][  0]LogTemp: Display: Module 'WindowsServerTargetPlatform' loaded TargetPlatform 'WindowsServer'
[2019.12.10-19.32.01:906][  0]LogTemp: Display: Module 'WindowsTargetPlatform' loaded TargetPlatform 'Windows'
[2019.12.10-19.32.02:021][  0]LogTemp: Display: Module 'AndroidTargetPlatform' loaded TargetPlatform 'Android'
[2019.12.10-19.32.02:022][  0]LogTemp: Display: Module 'AndroidTargetPlatform' loaded TargetPlatform 'Android_ASTC'
[2019.12.10-19.32.02:022][  0]LogTemp: Display: Module 'AndroidTargetPlatform' loaded TargetPlatform 'Android_ATC'
[2019.12.10-19.32.02:022][  0]LogTemp: Display: Module 'AndroidTargetPlatform' loaded TargetPlatform 'Android_DXT'
[2019.12.10-19.32.02:022][  0]LogTemp: Display: Module 'AndroidTargetPlatform' loaded TargetPlatform 'Android_ETC1'
[2019.12.10-19.32.02:022][  0]LogTemp: Display: Module 'AndroidTargetPlatform' loaded TargetPlatform 'Android_ETC1a'
[2019.12.10-19.32.02:022][  0]LogTemp: Display: Module 'AndroidTargetPlatform' loaded TargetPlatform 'Android_ETC2'
[2019.12.10-19.32.02:022][  0]LogTemp: Display: Module 'AndroidTargetPlatform' loaded TargetPlatform 'Android_PVRTC'
[2019.12.10-19.32.02:022][  0]LogTemp: Display: Module 'AndroidTargetPlatform' loaded TargetPlatform 'AndroidClient'
[2019.12.10-19.32.02:022][  0]LogTemp: Display: Module 'AndroidTargetPlatform' loaded TargetPlatform 'Android_ASTCClient'
[2019.12.10-19.32.02:022][  0]LogTemp: Display: Module 'AndroidTargetPlatform' loaded TargetPlatform 'Android_ATCClient'
[2019.12.10-19.32.02:022][  0]LogTemp: Display: Module 'AndroidTargetPlatform' loaded TargetPlatform 'Android_DXTClient'
[2019.12.10-19.32.02:022][  0]LogTemp: Display: Module 'AndroidTargetPlatform' loaded TargetPlatform 'Android_ETC1Client'
[2019.12.10-19.32.02:023][  0]LogTemp: Display: Module 'AndroidTargetPlatform' loaded TargetPlatform 'Android_ETC1aClient'
[2019.12.10-19.32.02:023][  0]LogTemp: Display: Module 'AndroidTargetPlatform' loaded TargetPlatform 'Android_ETC2Client'
[2019.12.10-19.32.02:023][  0]LogTemp: Display: Module 'AndroidTargetPlatform' loaded TargetPlatform 'Android_PVRTCClient'
[2019.12.10-19.32.02:023][  0]LogTemp: Display: Module 'AndroidTargetPlatform' loaded TargetPlatform 'Android_Multi'
[2019.12.10-19.32.02:023][  0]LogTemp: Display: Module 'AndroidTargetPlatform' loaded TargetPlatform 'Android_MultiClient'
[2019.12.10-19.32.02:027][  0]LogTemp: Display: Module 'HTML5TargetPlatform' loaded TargetPlatform 'HTML5'
[2019.12.10-19.32.02:112][  0]LogTemp: Display: Module 'IOSTargetPlatform' loaded TargetPlatform 'IOSClient'
[2019.12.10-19.32.02:113][  0]LogTemp: Display: Module 'IOSTargetPlatform' loaded TargetPlatform 'IOS'
[2019.12.10-19.32.02:154][  0]LogTemp: Display: Module 'TVOSTargetPlatform' loaded TargetPlatform 'TVOSClient'
[2019.12.10-19.32.02:155][  0]LogTemp: Display: Module 'TVOSTargetPlatform' loaded TargetPlatform 'TVOS'
[2019.12.10-19.32.02:177][  0]LogTemp: Display: Module 'LinuxClientTargetPlatform' loaded TargetPlatform 'LinuxClient'
[2019.12.10-19.32.02:196][  0]LogTemp: Display: Module 'LinuxNoEditorTargetPlatform' loaded TargetPlatform 'LinuxNoEditor'
[2019.12.10-19.32.02:214][  0]LogTemp: Display: Module 'LinuxServerTargetPlatform' loaded TargetPlatform 'LinuxServer'
[2019.12.10-19.32.02:237][  0]LogTemp: Display: Module 'LinuxTargetPlatform' loaded TargetPlatform 'Linux'
[2019.12.10-19.32.02:326][  0]LogTemp: Display: Module 'LuminTargetPlatform' loaded TargetPlatform 'Lumin'
[2019.12.10-19.32.02:327][  0]LogTemp: Display: Module 'LuminTargetPlatform' loaded TargetPlatform 'LuminClient'
[2019.12.10-19.32.02:327][  0]LogTargetPlatformManager: Display: Building Assets For Windows
[2019.12.10-19.32.02:358][  0]LogAudioDebug: Display: Lib vorbis DLL was dynamically loaded.
[2019.12.10-19.32.02:510][  0]LogShaderCompilers: Guid format shader working directory is -30 characters bigger than the processId version (../../../../../../Users/danie/OneDrive/Documentos/Unreal Projects/CppCourse/Intermediate/Shaders/WorkingDirectory/28860/).
[2019.12.10-19.32.02:510][  0]LogShaderCompilers: Cleaned the shader compiler working directory 'C:/Users/danie/AppData/Local/Temp/UnrealShaderWorkingDir/42EF7B674A884BCA71EE2AAA45DA756B/'.
[2019.12.10-19.32.02:514][  0]LogXGEController: Cleaning working directory: C:/Users/danie/AppData/Local/Temp/UnrealXGEWorkingDir/
[2019.12.10-19.32.02:514][  0]LogXGEController: Cannot use XGE Controller as Incredibuild is not installed on this machine.
[2019.12.10-19.32.02:514][  0]LogShaderCompilers: Cannot use XGE Shader Compiler as Incredibuild is not installed on this machine.
[2019.12.10-19.32.02:515][  0]LogShaderCompilers: Display: Using Local Shader Compiler.
[2019.12.10-19.32.03:280][  0]LogDerivedDataCache: Display: Max Cache Size: 512 MB
[2019.12.10-19.32.03:345][  0]LogDerivedDataCache: Loaded boot cache 0.06s 71MB C:/Users/danie/AppData/Local/UnrealEngine/4.22/DerivedDataCache/Boot.ddc.
[2019.12.10-19.32.03:345][  0]LogDerivedDataCache: Display: Loaded Boot cache: C:/Users/danie/AppData/Local/UnrealEngine/4.22/DerivedDataCache/Boot.ddc
[2019.12.10-19.32.03:345][  0]LogDerivedDataCache: FDerivedDataBackendGraph:  Pak pak cache file ../../../../../../Users/danie/OneDrive/Documentos/Unreal Projects/CppCourse/DerivedDataCache/DDC.ddp not found, will not use a pak cache.
[2019.12.10-19.32.03:346][  0]LogDerivedDataCache: Unable to find inner node Pak for hierarchical cache Hierarchy.
[2019.12.10-19.32.03:346][  0]LogDerivedDataCache: FDerivedDataBackendGraph:  CompressedPak pak cache file ../../../../../../Users/danie/OneDrive/Documentos/Unreal Projects/CppCourse/DerivedDataCache/Compressed.ddp not found, will not use a pak cache.
[2019.12.10-19.32.03:346][  0]LogDerivedDataCache: Unable to find inner node CompressedPak for hierarchical cache Hierarchy.
[2019.12.10-19.32.03:364][  0]LogDerivedDataCache: Display: Pak cache opened for reading ../../../Engine/DerivedDataCache/Compressed.ddp.
[2019.12.10-19.32.03:364][  0]LogDerivedDataCache: FDerivedDataBackendGraph:  EnterprisePak pak cache file ../../../Enterprise/DerivedDataCache/Compressed.ddp not found, will not use a pak cache.
[2019.12.10-19.32.03:367][  0]LogDerivedDataCache: Unable to find inner node EnterprisePak for hierarchical cache Hierarchy.
[2019.12.10-19.32.03:382][  0]LogDerivedDataCache: Using Local data cache path C:/Users/danie/AppData/Local/UnrealEngine/Common/DerivedDataCache: Writable
[2019.12.10-19.32.03:382][  0]LogDerivedDataCache: Shared data cache path not found in *engine.ini, will not use an Shared cache.
[2019.12.10-19.32.03:382][  0]LogDerivedDataCache: Unable to find inner node Shared for hierarchical cache Hierarchy.
[2019.12.10-19.32.03:414][  0]LogMaterial: Verifying Global Shaders for PCD3D_SM5
[2019.12.10-19.32.03:416][  0]LogSlate: Using FreeType 2.6.0
[2019.12.10-19.32.03:417][  0]LogSlate: SlateFontServices - WITH_FREETYPE: 1, WITH_HARFBUZZ: 1
[2019.12.10-19.32.03:521][  0]LogAssetRegistry: FAssetRegistry took 0.0437 seconds to start up
[2019.12.10-19.32.04:004][  0]LogInit: Selected Device Profile: [Windows]
[2019.12.10-19.32.04:208][  0]LogMeshReduction: Using QuadricMeshReduction for automatic static mesh reduction
[2019.12.10-19.32.04:208][  0]LogMeshReduction: Using SimplygonMeshReduction for automatic skeletal mesh reduction
[2019.12.10-19.32.04:208][  0]LogMeshReduction: Using ProxyLODMeshReduction for automatic mesh merging
[2019.12.10-19.32.04:208][  0]LogMeshReduction: No distributed automatic mesh merging module available
[2019.12.10-19.32.04:208][  0]LogMeshMerging: No distributed automatic mesh merging module available
[2019.12.10-19.32.04:222][  0]LogNetVersion: CppCourse 1.0.0, NetCL: 5660361, EngineNetVer: 10, GameNetVer: 0 (Checksum: 78934064)
[2019.12.10-19.32.04:771][  0]LogPackageLocalizationCache: Processed 10 localized package path(s) for 1 prioritized culture(s) in 0.051366 seconds
[2019.12.10-19.32.04:779][  0]LogUObjectArray: 42205 objects as part of root set at end of initial load.
[2019.12.10-19.32.04:779][  0]LogUObjectAllocator: 7325032 out of 0 bytes used by permanent object pool.
[2019.12.10-19.32.04:779][  0]LogUObjectArray: CloseDisregardForGC: 0/0 objects in disregard for GC pool
[2019.12.10-19.32.05:997][  0]LogTcpMessaging: Initializing TcpMessaging bridge
[2019.12.10-19.32.06:015][  0]LogUdpMessaging: Initializing bridge on interface 0.0.0.0:0 to multicast group 230.0.0.1:6666.
[2019.12.10-19.32.06:259][  0]SourceControl: Source control is disabled
[2019.12.10-19.32.06:259][  0]SourceControl: Source control is disabled
[2019.12.10-19.32.06:263][  0]SourceControl: Source control is disabled
[2019.12.10-19.32.06:268][  0]SourceControl: Source control is disabled
[2019.12.10-19.32.06:498][  0]LogAndroidPermission: UAndroidPermissionCallbackProxy::GetInstance
[2019.12.10-19.32.06:952][  0]LogOcInput: OculusInput pre-init called
[2019.12.10-19.32.07:757][  0]LogEngine: Initializing Engine...
[2019.12.10-19.32.07:758][  0]LogHMD: Failed to initialize OpenVR with code 110
[2019.12.10-19.32.07:760][  0]LogStats: UGameplayTagsManager::InitializeManager -  0.000 s
[2019.12.10-19.32.08:055][  0]LogInit: Initializing FReadOnlyCVARCache
[2019.12.10-19.32.08:073][  0]LogAIModule: Creating AISystem for world Untitled
[2019.12.10-19.32.08:164][  0]LogInit: XAudio2 using 'Speakers/Headphones (Realtek(R) Audio)' : 2 channels at 48 kHz using 32 bits per sample (channel mask 0x3)
[2019.12.10-19.32.08:548][  0]LogInit: FAudioDevice initialized.
[2019.12.10-19.32.08:548][  0]LogNetVersion: Set ProjectVersion to 1.0.0.0. Version Checksum will be recalculated on next use.
[2019.12.10-19.32.08:603][  0]LogDerivedDataCache: Saved boot cache 0.05s 71MB C:/Users/danie/AppData/Local/UnrealEngine/4.22/DerivedDataCache/Boot.ddc.
[2019.12.10-19.32.08:611][  0]LogInit: Texture streaming: Enabled
[2019.12.10-19.32.08:643][  0]LogEngineSessionManager: EngineSessionManager initialized
[2019.12.10-19.32.08:668][  0]LogInit: Transaction tracking system initialized
[2019.12.10-19.32.08:718][  0]BlueprintLog: New page: Editor Load
[2019.12.10-19.32.08:915][  0]LocalizationService: Localization service is disabled
[2019.12.10-19.32.09:393][  0]LogFileCache: Scanning file cache for directory 'C:/Users/danie/OneDrive/Documentos/Unreal Projects/CppCourse/Content/' took 0.02s
[2019.12.10-19.32.09:393][  0]LogCook: Display: Max memory allowance for cook 16384mb min free memory 0mb
[2019.12.10-19.32.09:393][  0]LogCook: Display: Mobile HDR setting 1
[2019.12.10-19.32.09:781][  0]SourceControl: Source control is disabled
[2019.12.10-19.32.09:782][  0]Cmd: MAP LOAD FILE="../../../../../../Users/danie/OneDrive/Documentos/Unreal Projects/CppCourse/Content/Levels/Maze.umap" TEMPLATE=0 SHOWPROGRESS=1 FEATURELEVEL=3
[2019.12.10-19.32.09:782][  0]LightingResults: New page: Lighting Build
[2019.12.10-19.32.09:786][  0]MapCheck: New page: Map Check
[2019.12.10-19.32.09:786][  0]LightingResults: New page: Lighting Build
[2019.12.10-19.32.09:823][  0]LogUObjectHash: Compacting FUObjectHashTables data took   1.95ms
[2019.12.10-19.32.09:932][  0]LogAIModule: Creating AISystem for world Maze
[2019.12.10-19.32.09:938][  0]LogEditorServer: Finished looking for orphan Actors (0.000 secs)
[2019.12.10-19.32.09:972][  0]LogUObjectHash: Compacting FUObjectHashTables data took   2.14ms
[2019.12.10-19.32.09:972][  0]Cmd: MAP CHECKDEP NOCLEARLOG
[2019.12.10-19.32.09:973][  0]MapCheck: Map check complete: 0 Error(s), 0 Warning(s), took 0,253ms to complete.
[2019.12.10-19.32.09:973][  0]LogFileHelpers: Loading map 'Maze' took 0.191
[2019.12.10-19.32.10:110][  0]LogSlate: Updating window title bar state: overlay mode, drag disabled, window buttons hidden, title bar hidden
[2019.12.10-19.32.10:122][  0]LogSlate: Updating window title bar state: overlay mode, drag disabled, window buttons hidden, title bar hidden
[2019.12.10-19.32.10:132][  0]LogSlate: Updating window title bar state: overlay mode, drag disabled, window buttons hidden, title bar hidden
[2019.12.10-19.32.10:143][  0]LogSlate: Updating window title bar state: overlay mode, drag disabled, window buttons hidden, title bar hidden
[2019.12.10-19.32.10:153][  0]LogCollectionManager: Loaded 0 collections in 0.002753 seconds
[2019.12.10-19.32.10:188][  0]LogFileCache: Scanning file cache for directory 'C:/Users/danie/OneDrive/Documentos/Unreal Projects/CppCourse/Saved/Collections/' took 0.02s
[2019.12.10-19.32.10:189][  0]LogFileCache: Scanning file cache for directory 'C:/Users/danie/OneDrive/Documentos/Unreal Projects/CppCourse/Content/Developers/danie/Collections/' took 0.00s
[2019.12.10-19.32.10:189][  0]LogFileCache: Scanning file cache for directory 'C:/Users/danie/OneDrive/Documentos/Unreal Projects/CppCourse/Content/Collections/' took 0.01s
[2019.12.10-19.32.10:189][  0]LogCollectionManager: Rebuilt the GUID cache for 0 collections in 0.000001 seconds
[2019.12.10-19.32.10:200][  0]LogContentBrowser: Native class hierarchy populated in 0.0108 seconds. Added 2740 classes and 661 folders.
[2019.12.10-19.32.10:208][  0]LogContentBrowser: Native class hierarchy updated for 'WidgetCarousel' in 0.0005 seconds. Added 0 classes and 0 folders.
[2019.12.10-19.32.10:210][  0]LogPakFile: Registered encryption key '00000000000000000000000000000000': 0 pak files mounted, 0 remain pending
[2019.12.10-19.32.10:211][  0]LogPakFile: Registered encryption key '00000000000000000000000000000000': 0 pak files mounted, 0 remain pending
[2019.12.10-19.32.10:213][  0]LogPakFile: Registered encryption key '00000000000000000000000000000000': 0 pak files mounted, 0 remain pending
[2019.12.10-19.32.10:213][  0]LogPakFile: Registered encryption key '00000000000000000000000000000000': 0 pak files mounted, 0 remain pending
[2019.12.10-19.32.10:214][  0]LogPakFile: Registered encryption key '00000000000000000000000000000000': 0 pak files mounted, 0 remain pending
[2019.12.10-19.32.10:215][  0]LogPakFile: Registered encryption key '00000000000000000000000000000000': 0 pak files mounted, 0 remain pending
[2019.12.10-19.32.10:216][  0]LogPakFile: Registered encryption key '00000000000000000000000000000000': 0 pak files mounted, 0 remain pending
[2019.12.10-19.32.10:216][  0]LogPakFile: Registered encryption key '00000000000000000000000000000000': 0 pak files mounted, 0 remain pending
[2019.12.10-19.32.10:217][  0]LogPakFile: Registered encryption key '00000000000000000000000000000000': 0 pak files mounted, 0 remain pending
[2019.12.10-19.32.10:218][  0]LogPakFile: Registered encryption key '00000000000000000000000000000000': 0 pak files mounted, 0 remain pending
[2019.12.10-19.32.10:218][  0]LogPakFile: Registered encryption key '00000000000000000000000000000000': 0 pak files mounted, 0 remain pending
[2019.12.10-19.32.10:219][  0]LogPakFile: Registered encryption key '00000000000000000000000000000000': 0 pak files mounted, 0 remain pending
[2019.12.10-19.32.10:220][  0]LogPakFile: Registered encryption key '00000000000000000000000000000000': 0 pak files mounted, 0 remain pending
[2019.12.10-19.32.10:221][  0]LogPakFile: Registered encryption key '00000000000000000000000000000000': 0 pak files mounted, 0 remain pending
[2019.12.10-19.32.10:221][  0]LogPakFile: Registered encryption key '00000000000000000000000000000000': 0 pak files mounted, 0 remain pending
[2019.12.10-19.32.10:222][  0]LogPakFile: Registered encryption key '00000000000000000000000000000000': 0 pak files mounted, 0 remain pending
[2019.12.10-19.32.10:222][  0]LogPakFile: Registered encryption key '00000000000000000000000000000000': 0 pak files mounted, 0 remain pending
[2019.12.10-19.32.10:223][  0]LogPakFile: Registered encryption key '00000000000000000000000000000000': 0 pak files mounted, 0 remain pending
[2019.12.10-19.32.10:223][  0]LogPakFile: Registered encryption key '00000000000000000000000000000000': 0 pak files mounted, 0 remain pending
[2019.12.10-19.32.10:224][  0]LogPakFile: Registered encryption key '00000000000000000000000000000000': 0 pak files mounted, 0 remain pending
[2019.12.10-19.32.10:225][  0]LogPakFile: Registered encryption key '00000000000000000000000000000000': 0 pak files mounted, 0 remain pending
[2019.12.10-19.32.10:225][  0]LogPakFile: Registered encryption key '00000000000000000000000000000000': 0 pak files mounted, 0 remain pending
[2019.12.10-19.32.10:226][  0]LogPakFile: Registered encryption key '00000000000000000000000000000000': 0 pak files mounted, 0 remain pending
[2019.12.10-19.32.10:227][  0]LogPakFile: Registered encryption key '00000000000000000000000000000000': 0 pak files mounted, 0 remain pending
[2019.12.10-19.32.10:227][  0]LogPakFile: Registered encryption key '00000000000000000000000000000000': 0 pak files mounted, 0 remain pending
[2019.12.10-19.32.10:228][  0]LogPakFile: Registered encryption key '00000000000000000000000000000000': 0 pak files mounted, 0 remain pending
[2019.12.10-19.32.10:257][  0]LogContentBrowser: Native class hierarchy updated for 'AddContentDialog' in 0.0004 seconds. Added 0 classes and 0 folders.
[2019.12.10-19.32.10:267][  0]LogContentBrowser: Native class hierarchy updated for 'SceneOutliner' in 0.0006 seconds. Added 1 classes and 2 folders.
[2019.12.10-19.32.10:286][  0]LogSlate: Took 0.000219 seconds to synchronously load lazily loaded font '../../../Engine/Content/Slate/Fonts/Roboto-Regular.ttf' (155K)
[2019.12.10-19.32.10:289][  0]LogSlate: Took 0.000196 seconds to synchronously load lazily loaded font '../../../Engine/Content/Slate/Fonts/Roboto-Bold.ttf' (160K)
[2019.12.10-19.32.10:297][  0]LogSlate: Took 0.000232 seconds to synchronously load lazily loaded font '../../../Engine/Content/Editor/Slate/Fonts/FontAwesome.ttf' (139K)
[2019.12.10-19.32.10:389][  0]LogRenderer: Reallocating scene render targets to support 1072x568 Format 10 NumSamples 1 (Frame:1).
[2019.12.10-19.32.10:616][  0]LogContentBrowser: Native class hierarchy updated for 'HierarchicalLODOutliner' in 0.0007 seconds. Added 0 classes and 0 folders.
[2019.12.10-19.32.10:616][  0]LogLoad: (Engine Initialization) Total time: 13.56 seconds
[2019.12.10-19.32.10:616][  0]LogLoad: (Engine Initialization) Total Blueprint compile time: 0.00 seconds
[2019.12.10-19.32.10:830][  0]LogContentStreaming: Texture pool size now 1000 MB
[2019.12.10-19.32.10:897][  1]LogAssetRegistry: Asset discovery search completed in 7.4026 seconds
[2019.12.10-19.32.10:903][  1]LogCollectionManager: Rebuilt the object cache for 0 collections in 0.000001 seconds (found 0 objects)
[2019.12.10-19.32.10:904][  1]LogCollectionManager: Fixed up redirectors for 0 collections in 0.000877 seconds (updated 0 objects)
[2019.12.10-19.34.14:959][311]LogSlate: FSceneViewport::OnFocusLost() reason 0
[2019.12.10-19.34.15:164][315]LogSlate: Took 0.000461 seconds to synchronously load lazily loaded font '../../../Engine/Content/Slate/Fonts/Roboto-Light.ttf' (167K)
[2019.12.10-19.34.15:195][315]LogAssetEditorManager: Opening Asset editor for Class /Script/CppCourse.Gem
[2019.12.10-19.34.15:867][315]LogVSAccessor: Warning: Couldn't goto line number '1' in 'C:/Users/danie/OneDrive/Documentos/Unreal Projects/CppCourse/Source/CppCourse/Gem.cpp'
[2019.12.10-19.34.50:280][699]LogAssetEditorManager: Opening Asset editor for Class /Script/CppCourse.CppAdventurer
[2019.12.10-19.34.50:622][699]LogVSAccessor: Warning: Couldn't goto line number '1' in 'C:/Users/danie/OneDrive/Documentos/Unreal Projects/CppCourse/Source/CppCourse/CppAdventurer.h'
[2019.12.10-19.34.50:821][699]LogVSAccessor: Warning: Couldn't goto line number '1' in 'C:/Users/danie/OneDrive/Documentos/Unreal Projects/CppCourse/Source/CppCourse/CppAdventurer.cpp'
[2019.12.10-19.35.00:364][867]LogAssetEditorManager: Opening Asset editor for Class /Script/CppCourse.Gem
[2019.12.10-19.35.17:261][942]LogAssetEditorManager: Opening Asset editor for Class /Script/CppCourse.MyActor
[2019.12.10-19.35.17:709][942]LogVSAccessor: Warning: Couldn't goto line number '1' in 'C:/Users/danie/OneDrive/Documentos/Unreal Projects/CppCourse/Source/CppCourse/MyActor.h'
[2019.12.10-19.35.17:935][942]LogVSAccessor: Warning: Couldn't goto line number '1' in 'C:/Users/danie/OneDrive/Documentos/Unreal Projects/CppCourse/Source/CppCourse/MyActor.cpp'
[2019.12.10-19.36.26:290][243]Candidate modules for hot reload:
[2019.12.10-19.36.26:290][243]  CppCourse
[2019.12.10-19.36.26:291][243]Launching UnrealBuildTool... [C:/Program Files/Epic Games/UE_4.22/Engine/Binaries/DotNET/UnrealBuildTool.exe  -ModuleWithSuffix=CppCourse,3035 Win64 Development -TargetType=Editor -Project="C:/Users/danie/OneDrive/Documentos/Unreal Projects/CppCourse/CppCourse.uproject" "C:/Users/danie/OneDrive/Documentos/Unreal Projects/CppCourse/CppCourse.uproject"  -IgnoreJunk]
[2019.12.10-19.36.26:296][243]Warning: Starting HotReload took  0.0s.
[2019.12.10-19.36.59:498][859]CompilerResultsLog: New page: Compilation - 10/12/2019 21:36:59
[2019.12.10-19.36.59:498][859]CompilerResultsLog: Creating makefile for CppCourseEditor (ini files are newer than makefile)
[2019.12.10-19.36.59:498][859]CompilerResultsLog: Parsing headers for CppCourseEditor
[2019.12.10-19.36.59:499][859]CompilerResultsLog:   Running UnrealHeaderTool "C:\Users\danie\OneDrive\Documentos\Unreal Projects\CppCourse\CppCourse.uproject" "C:\Users\danie\OneDrive\Documentos\Unreal Projects\CppCourse\Intermediate\Build\Win64\CppCourseEditor\Development\CppCourseEditor.uhtmanifest" -LogCmds="loginit warning, logexit warning, logdatabase error" -Unattended -WarningsAsErrors -installed
[2019.12.10-19.36.59:499][859]CompilerResultsLog: Reflection code generated for CppCourseEditor in 20,3434418 seconds
[2019.12.10-19.36.59:499][859]CompilerResultsLog: Failed to delete file 'C:\Users\danie\OneDrive\Documentos\Unreal Projects\CppCourse\Binaries\Win64\UE4Editor-CppCourse.pdb'
[2019.12.10-19.36.59:499][859]CompilerResultsLog:     Exception: Acceso denegado a la ruta de acceso 'C:\Users\danie\OneDrive\Documentos\Unreal Projects\CppCourse\Binaries\Win64\UE4Editor-CppCourse.pdb'.
[2019.12.10-19.36.59:499][859]CompilerResultsLog: Attempting to retry...
[2019.12.10-19.36.59:499][859]CompilerResultsLog: Failed to delete file 'C:\Users\danie\OneDrive\Documentos\Unreal Projects\CppCourse\Binaries\Win64\UE4Editor-CppCourse.pdb'
[2019.12.10-19.36.59:500][859]CompilerResultsLog:     Exception: Acceso denegado a la ruta de acceso 'C:\Users\danie\OneDrive\Documentos\Unreal Projects\CppCourse\Binaries\Win64\UE4Editor-CppCourse.pdb'.
[2019.12.10-19.36.59:500][859]CompilerResultsLog: Attempting to retry...
[2019.12.10-19.36.59:500][859]CompilerResultsLog: Failed to delete file 'C:\Users\danie\OneDrive\Documentos\Unreal Projects\CppCourse\Binaries\Win64\UE4Editor-CppCourse.pdb'
[2019.12.10-19.36.59:500][859]CompilerResultsLog:     Exception: Acceso denegado a la ruta de acceso 'C:\Users\danie\OneDrive\Documentos\Unreal Projects\CppCourse\Binaries\Win64\UE4Editor-CppCourse.pdb'.
[2019.12.10-19.36.59:500][859]CompilerResultsLog: ERROR: Exhausted all retries!
[2019.12.10-19.36.59:501][859]CompilerResultsLog: Using Visual Studio 2019 14.23.28105 toolchain (C:\Program Files (x86)\Microsoft Visual Studio\2019\Community\VC\Tools\MSVC\14.23.28105) and Windows 10.0.18362.0 SDK (C:\Program Files (x86)\Windows Kits\10).
[2019.12.10-19.36.59:501][859]CompilerResultsLog: Building 5 actions with 8 processes...
[2019.12.10-19.36.59:501][859]CompilerResultsLog:   [1/5] Gem.cpp
[2019.12.10-19.36.59:501][859]CompilerResultsLog:   [2/5] Gem.gen.cpp
[2019.12.10-19.36.59:501][859]CompilerResultsLog:   [3/5] UE4Editor-CppCourse-3035.lib
[2019.12.10-19.36.59:502][859]CompilerResultsLog:      Creando biblioteca C:\Users\danie\OneDrive\Documentos\Unreal Projects\CppCourse\Intermediate\Build\Win64\UE4Editor\Development\CppCourse\UE4Editor-CppCourse-3035.lib y objeto C:\Users\danie\OneDrive\Documentos\Unreal Projects\CppCourse\Intermediate\Build\Win64\UE4Editor\Development\CppCourse\UE4Editor-CppCourse-3035.exp
[2019.12.10-19.36.59:502][859]CompilerResultsLog:   [4/5] UE4Editor-CppCourse-3035.dll
[2019.12.10-19.36.59:502][859]CompilerResultsLog:      Creando biblioteca C:\Users\danie\OneDrive\Documentos\Unreal Projects\CppCourse\Intermediate\Build\Win64\UE4Editor\Development\CppCourse\UE4Editor-CppCourse-3035.suppressed.lib y objeto C:\Users\danie\OneDrive\Documentos\Unreal Projects\CppCourse\Intermediate\Build\Win64\UE4Editor\Development\CppCourse\UE4Editor-CppCourse-3035.suppressed.exp
[2019.12.10-19.36.59:502][859]CompilerResultsLog:   [5/5] CppCourseEditor.target
[2019.12.10-19.36.59:502][859]CompilerResultsLog: Total time in Parallel executor: 2,90 seconds
[2019.12.10-19.36.59:503][859]CompilerResultsLog: Total execution time: 32,86 seconds
[2019.12.10-19.36.59:503][859]LogMainFrame: MainFrame: Module compiling took 33.221 seconds
[2019.12.10-19.36.59:541][859]LogUObjectHash: Compacting FUObjectHashTables data took   1.02ms
[2019.12.10-19.36.59:592][859]LogClass: Could not find existing class Gem in package /Script/CppCourse for HotReload, assuming new class
[2019.12.10-19.36.59:598][859]LogOutputDevice: Warning: 

Script Stack (0 frames):

[2019.12.10-19.37.34:248][859]LogWindows: Windows GetLastError: La operación se completó correctamente. (0)
[2019.12.10-19.37.34:248][859]LogWindows: Error: === Critical error: ===
[2019.12.10-19.37.34:248][859]LogWindows: Error: 
[2019.12.10-19.37.34:248][859]LogWindows: Error: Fatal error: [File:D:\Build\++UE4\Sync\Engine\Source\Runtime\CoreUObject\Private\UObject\UObjectGlobals.cpp] [Line: 3671] 
[2019.12.10-19.37.34:249][859]LogWindows: Error: Default subobject SphereComponent Sphere already exists for Gem /Script/CppCourse.Default__Gem.
[2019.12.10-19.37.34:249][859]LogWindows: Error: 
[2019.12.10-19.37.34:249][859]LogWindows: Error: 
[2019.12.10-19.37.34:249][859]LogWindows: Error: 
[2019.12.10-19.37.34:259][859]LogExit: Executing StaticShutdownAfterError
[2019.12.10-19.37.34:260][859]LogWindows: FPlatformMisc::RequestExit(1)
[2019.12.10-19.37.34:264][859]Log file closed, 12/10/19 20:37:34
